<?xml version="1.0" encoding="UTF-8"?>
<!-- Generated by org.testng.reporters.JUnitXMLReporter -->
<testsuite ignored="0" hostname="Shivani" failures="1" tests="3" name="Test" time="65.674" errors="0" timestamp="2024-01-30T13:14:57 IST">
  <testcase classname="selenium.AddingProductsIntoCartTest" name="submitOrder" time="24.947"/>
  <testcase classname="selenium.AddingProductsIntoCartTest" name="submitOrder" time="24.334"/>
  <testcase classname="selenium.AddingProductsIntoCartTest" name="verifyOrdersPage" time="0.694">
    <failure type="java.lang.AssertionError" message="expected [true] but found [false]">
      <![CDATA[java.lang.AssertionError: expected [true] but found [false]
at selenium.AddingProductsIntoCartTest.verifyOrdersPage(AddingProductsIntoCartTest.java:68)
at java.base/java.util.ArrayList.forEach(ArrayList.java:1511)
at java.base/java.util.concurrent.FutureTask.run(FutureTask.java:264)
at java.base/java.util.concurrent.ThreadPoolExecutor.runWorker(ThreadPoolExecutor.java:1136)
at java.base/java.util.concurrent.ThreadPoolExecutor$Worker.run(ThreadPoolExecutor.java:635)
at java.base/java.lang.Thread.run(Thread.java:833)
... Removed 22 stack frames]]>
    </failure>
  </testcase> <!-- verifyOrdersPage -->
</testsuite> <!-- Test -->
